# JRE version: OpenJDK Runtime Environment Temurin-21.0.10+7 (21.0.10+7) (build 21.0.10+7-LTS)
# Java VM: OpenJDK 64-Bit Server VM Temurin-21.0.10+7 (21.0.10+7-LTS, mixed mode, sharing, tiered, compressed oops, compressed class ptrs, parallel gc, windows-amd64)
GC Precious Log:
 CardTable entry size: 512
 CPUs: 12 total, 12 available
 Memory: 16087M
 Large Page Support: Disabled
 NUMA Support: Disabled
 Compressed Oops: Enabled (32-bit)
 Alignments: Space 512K, Generation 512K, Heap 2M
 Heap Min Capacity: 100M
 Heap Initial Capacity: 100M
 Heap Max Capacity: 2G
 Pre-touch: Disabled
 Parallel Workers: 10
Heap:
 PSYoungGen      total 20480K, used 19077K [0x00000000d5580000, 0x00000000d6b00000, 0x0000000100000000)
  eden space 18944K, 93% used [0x00000000d5580000,0x00000000d66cf8b8,0x00000000d6800000)
  from space 1536K, 87% used [0x00000000d6880000,0x00000000d69d1d80,0x00000000d6a00000)
  to   space 1024K, 0% used [0x00000000d6a00000,0x00000000d6a00000,0x00000000d6b00000)
 ParOldGen       total 86528K, used 67293K [0x0000000080000000, 0x0000000085480000, 0x00000000d5580000)
  object space 86528K, 77% used [0x0000000080000000,0x00000000841b7408,0x0000000085480000)
 Metaspace       used 62191K, committed 63616K, reserved 1114112K
  class space    used 6593K, committed 7168K, reserved 1048576K
GC Heap History (20 events):
Event: 84.906 GC heap before
{Heap before GC invocations=77 (full 2):
 PSYoungGen      total 19456K, used 19456K [0x00000000d5580000, 0x00000000d6a00000, 0x0000000100000000)
  eden space 18944K, 100% used [0x00000000d5580000,0x00000000d6800000,0x00000000d6800000)
  from space 512K, 100% used [0x00000000d6900000,0x00000000d6980000,0x00000000d6980000)
  to   space 1024K, 0% used [0x00000000d6800000,0x00000000d6800000,0x00000000d6900000)
 ParOldGen       total 81920K, used 81707K [0x0000000080000000, 0x0000000085000000, 0x00000000d5580000)
  object space 81920K, 99% used [0x0000000080000000,0x0000000084fcaf80,0x0000000085000000)
 Metaspace       used 54526K, committed 55936K, reserved 1114112K
  class space    used 5775K, committed 6400K, reserved 1048576K
}
Event: 84.910 GC heap after
{Heap after GC invocations=77 (full 2):
 PSYoungGen      total 19968K, used 640K [0x00000000d5580000, 0x00000000d6a00000, 0x0000000100000000)
  eden space 18944K, 0% used [0x00000000d5580000,0x00000000d5580000,0x00000000d6800000)
  from space 1024K, 62% used [0x00000000d6800000,0x00000000d68a0000,0x00000000d6900000)
  to   space 1024K, 0% used [0x00000000d6900000,0x00000000d6900000,0x00000000d6a00000)
 ParOldGen       total 83456K, used 82867K [0x0000000080000000, 0x0000000085180000, 0x00000000d5580000)
  object space 83456K, 99% used [0x0000000080000000,0x00000000850ecf80,0x0000000085180000)
 Metaspace       used 54526K, committed 55936K, reserved 1114112K
  class space    used 5775K, committed 6400K, reserved 1048576K
}
Event: 84.987 GC heap before
{Heap before GC invocations=78 (full 2):
 PSYoungGen      total 19968K, used 19584K [0x00000000d5580000, 0x00000000d6a00000, 0x0000000100000000)
  eden space 18944K, 100% used [0x00000000d5580000,0x00000000d6800000,0x00000000d6800000)
  from space 1024K, 62% used [0x00000000d6800000,0x00000000d68a0000,0x00000000d6900000)
  to   space 1024K, 0% used [0x00000000d6900000,0x00000000d6900000,0x00000000d6a00000)
 ParOldGen       total 83456K, used 82867K [0x0000000080000000, 0x0000000085180000, 0x00000000d5580000)
  object space 83456K, 99% used [0x0000000080000000,0x00000000850ecf80,0x0000000085180000)
 Metaspace       used 54547K, committed 56000K, reserved 1114112K
  class space    used 5775K, committed 6400K, reserved 1048576K
}
Event: 84.990 GC heap after
{Heap after GC invocations=78 (full 2):
 PSYoungGen      total 19968K, used 640K [0x00000000d5580000, 0x00000000d6a00000, 0x0000000100000000)
  eden space 18944K, 0% used [0x00000000d5580000,0x00000000d5580000,0x00000000d6800000)
  from space 1024K, 62% used [0x00000000d6900000,0x00000000d69a0000,0x00000000d6a00000)
  to   space 1024K, 0% used [0x00000000d6800000,0x00000000d6800000,0x00000000d6900000)
 ParOldGen       total 83456K, used 83323K [0x0000000080000000, 0x0000000085180000, 0x00000000d5580000)
  object space 83456K, 99% used [0x0000000080000000,0x000000008515ef80,0x0000000085180000)
 Metaspace       used 54547K, committed 56000K, reserved 1114112K
  class space    used 5775K, committed 6400K, reserved 1048576K
}
Event: 85.274 GC heap before
{Heap before GC invocations=79 (full 2):
 PSYoungGen      total 19968K, used 19584K [0x00000000d5580000, 0x00000000d6a00000, 0x0000000100000000)
  eden space 18944K, 100% used [0x00000000d5580000,0x00000000d6800000,0x00000000d6800000)
  from space 1024K, 62% used [0x00000000d6900000,0x00000000d69a0000,0x00000000d6a00000)
  to   space 1024K, 0% used [0x00000000d6800000,0x00000000d6800000,0x00000000d6900000)
 ParOldGen       total 83456K, used 83323K [0x0000000080000000, 0x0000000085180000, 0x00000000d5580000)
  object space 83456K, 99% used [0x0000000080000000,0x000000008515ef80,0x0000000085180000)
 Metaspace       used 54774K, committed 56128K, reserved 1114112K
  class space    used 5800K, committed 6400K, reserved 1048576K
}
Event: 85.279 GC heap after
{Heap after GC invocations=79 (full 2):
 PSYoungGen      total 19968K, used 1022K [0x00000000d5580000, 0x00000000d6d00000, 0x0000000100000000)
  eden space 18944K, 0% used [0x00000000d5580000,0x00000000d5580000,0x00000000d6800000)
  from space 1024K, 99% used [0x00000000d6800000,0x00000000d68ffaf8,0x00000000d6900000)
  to   space 2560K, 0% used [0x00000000d6a80000,0x00000000d6a80000,0x00000000d6d00000)
 ParOldGen       total 84480K, used 84211K [0x0000000080000000, 0x0000000085280000, 0x00000000d5580000)
  object space 84480K, 99% used [0x0000000080000000,0x000000008523ce58,0x0000000085280000)
 Metaspace       used 54774K, committed 56128K, reserved 1114112K
  class space    used 5800K, committed 6400K, reserved 1048576K
}
Event: 85.459 GC heap before
{Heap before GC invocations=80 (full 2):
 PSYoungGen      total 19968K, used 19966K [0x00000000d5580000, 0x00000000d6d00000, 0x0000000100000000)
  eden space 18944K, 100% used [0x00000000d5580000,0x00000000d6800000,0x00000000d6800000)
  from space 1024K, 99% used [0x00000000d6800000,0x00000000d68ffaf8,0x00000000d6900000)
  to   space 2560K, 0% used [0x00000000d6a80000,0x00000000d6a80000,0x00000000d6d00000)
 ParOldGen       total 84480K, used 84211K [0x0000000080000000, 0x0000000085280000, 0x00000000d5580000)
  object space 84480K, 99% used [0x0000000080000000,0x000000008523ce58,0x0000000085280000)
 Metaspace       used 56212K, committed 57536K, reserved 1114112K
  class space    used 5963K, committed 6528K, reserved 1048576K
}
Event: 85.463 GC heap after
{Heap after GC invocations=80 (full 2):
 PSYoungGen      total 20480K, used 1088K [0x00000000d5580000, 0x00000000d6c00000, 0x0000000100000000)
  eden space 18944K, 0% used [0x00000000d5580000,0x00000000d5580000,0x00000000d6800000)
  from space 1536K, 70% used [0x00000000d6a80000,0x00000000d6b90010,0x00000000d6c00000)
  to   space 1536K, 0% used [0x00000000d6900000,0x00000000d6900000,0x00000000d6a80000)
 ParOldGen       total 85504K, used 85009K [0x0000000080000000, 0x0000000085380000, 0x00000000d5580000)
  object space 85504K, 99% used [0x0000000080000000,0x0000000085304548,0x0000000085380000)
 Metaspace       used 56212K, committed 57536K, reserved 1114112K
  class space    used 5963K, committed 6528K, reserved 1048576K
}
Event: 86.155 GC heap before
{Heap before GC invocations=81 (full 2):
 PSYoungGen      total 20480K, used 20005K [0x00000000d5580000, 0x00000000d6c00000, 0x0000000100000000)
  eden space 18944K, 99% used [0x00000000d5580000,0x00000000d67f95e8,0x00000000d6800000)
  from space 1536K, 70% used [0x00000000d6a80000,0x00000000d6b90010,0x00000000d6c00000)
  to   space 1536K, 0% used [0x00000000d6900000,0x00000000d6900000,0x00000000d6a80000)
 ParOldGen       total 85504K, used 85009K [0x0000000080000000, 0x0000000085380000, 0x00000000d5580000)
  object space 85504K, 99% used [0x0000000080000000,0x0000000085304548,0x0000000085380000)
 Metaspace       used 57538K, committed 58944K, reserved 1114112K
  class space    used 6126K, committed 6720K, reserved 1048576K
}
Event: 86.158 GC heap after
{Heap after GC invocations=81 (full 2):
 PSYoungGen      total 19968K, used 724K [0x00000000d5580000, 0x00000000d6b00000, 0x0000000100000000)
  eden space 18944K, 0% used [0x00000000d5580000,0x00000000d5580000,0x00000000d6800000)
  from space 1024K, 70% used [0x00000000d6900000,0x00000000d69b51c0,0x00000000d6a00000)
  to   space 1024K, 0% used [0x00000000d6a00000,0x00000000d6a00000,0x00000000d6b00000)
 ParOldGen       total 86016K, used 85972K [0x0000000080000000, 0x0000000085400000, 0x00000000d5580000)
  object space 86016K, 99% used [0x0000000080000000,0x00000000853f5238,0x0000000085400000)
 Metaspace       used 57538K, committed 58944K, reserved 1114112K
  class space    used 6126K, committed 6720K, reserved 1048576K
}
Event: 86.640 GC heap before
{Heap before GC invocations=82 (full 2):
 PSYoungGen      total 19968K, used 16857K [0x00000000d5580000, 0x00000000d6b00000, 0x0000000100000000)
  eden space 18944K, 85% used [0x00000000d5580000,0x00000000d6541448,0x00000000d6800000)
  from space 1024K, 70% used [0x00000000d6900000,0x00000000d69b51c0,0x00000000d6a00000)
  to   space 1024K, 0% used [0x00000000d6a00000,0x00000000d6a00000,0x00000000d6b00000)
 ParOldGen       total 86016K, used 85972K [0x0000000080000000, 0x0000000085400000, 0x00000000d5580000)
  object space 86016K, 99% used [0x0000000080000000,0x00000000853f5238,0x0000000085400000)
 Metaspace       used 58413K, committed 59776K, reserved 1114112K
  class space    used 6210K, committed 6784K, reserved 1048576K
}
Event: 86.642 GC heap after
{Heap after GC invocations=82 (full 2):
 PSYoungGen      total 19968K, used 724K [0x00000000d5580000, 0x00000000d6b00000, 0x0000000100000000)
  eden space 18944K, 0% used [0x00000000d5580000,0x00000000d5580000,0x00000000d6800000)
  from space 1024K, 70% used [0x00000000d6a00000,0x00000000d6ab51c0,0x00000000d6b00000)
  to   space 1024K, 0% used [0x00000000d6900000,0x00000000d6900000,0x00000000d6a00000)
 ParOldGen       total 86528K, used 86496K [0x0000000080000000, 0x0000000085480000, 0x00000000d5580000)
  object space 86528K, 99% used [0x0000000080000000,0x0000000085478090,0x0000000085480000)
 Metaspace       used 58413K, committed 59776K, reserved 1114112K
  class space    used 6210K, committed 6784K, reserved 1048576K
}
Event: 86.642 GC heap before
{Heap before GC invocations=83 (full 3):
 PSYoungGen      total 19968K, used 724K [0x00000000d5580000, 0x00000000d6b00000, 0x0000000100000000)
  eden space 18944K, 0% used [0x00000000d5580000,0x00000000d5580000,0x00000000d6800000)
  from space 1024K, 70% used [0x00000000d6a00000,0x00000000d6ab51c0,0x00000000d6b00000)
  to   space 1024K, 0% used [0x00000000d6900000,0x00000000d6900000,0x00000000d6a00000)
 ParOldGen       total 86528K, used 86496K [0x0000000080000000, 0x0000000085480000, 0x00000000d5580000)
  object space 86528K, 99% used [0x0000000080000000,0x0000000085478090,0x0000000085480000)
 Metaspace       used 58413K, committed 59776K, reserved 1114112K
  class space    used 6210K, committed 6784K, reserved 1048576K
}
Event: 86.872 GC heap after
{Heap after GC invocations=83 (full 3):
 PSYoungGen      total 19968K, used 0K [0x00000000d5580000, 0x00000000d6b00000, 0x0000000100000000)
  eden space 18944K, 0% used [0x00000000d5580000,0x00000000d5580000,0x00000000d6800000)
  from space 1024K, 0% used [0x00000000d6a00000,0x00000000d6a00000,0x00000000d6b00000)
  to   space 1024K, 0% used [0x00000000d6900000,0x00000000d6900000,0x00000000d6a00000)
 ParOldGen       total 86528K, used 65360K [0x0000000080000000, 0x0000000085480000, 0x00000000d5580000)
  object space 86528K, 75% used [0x0000000080000000,0x0000000083fd4010,0x0000000085480000)
 Metaspace       used 58406K, committed 59776K, reserved 1114112K
  class space    used 6208K, committed 6784K, reserved 1048576K
}
Event: 87.032 GC heap before
{Heap before GC invocations=84 (full 3):
 PSYoungGen      total 19968K, used 18944K [0x00000000d5580000, 0x00000000d6b00000, 0x0000000100000000)
  eden space 18944K, 100% used [0x00000000d5580000,0x00000000d6800000,0x00000000d6800000)
  from space 1024K, 0% used [0x00000000d6a00000,0x00000000d6a00000,0x00000000d6b00000)
  to   space 1024K, 0% used [0x00000000d6900000,0x00000000d6900000,0x00000000d6a00000)
 ParOldGen       total 86528K, used 65360K [0x0000000080000000, 0x0000000085480000, 0x00000000d5580000)
  object space 86528K, 75% used [0x0000000080000000,0x0000000083fd4010,0x0000000085480000)
 Metaspace       used 59304K, committed 60672K, reserved 1114112K
  class space    used 6302K, committed 6912K, reserved 1048576K
}
Event: 87.035 GC heap after
{Heap after GC invocations=84 (full 3):
 PSYoungGen      total 19968K, used 995K [0x00000000d5580000, 0x00000000d6d00000, 0x0000000100000000)
  eden space 18944K, 0% used [0x00000000d5580000,0x00000000d5580000,0x00000000d6800000)
  from space 1024K, 97% used [0x00000000d6900000,0x00000000d69f8ea0,0x00000000d6a00000)
  to   space 2560K, 0% used [0x00000000d6a80000,0x00000000d6a80000,0x00000000d6d00000)
 ParOldGen       total 86528K, used 66644K [0x0000000080000000, 0x0000000085480000, 0x00000000d5580000)
  object space 86528K, 77% used [0x0000000080000000,0x00000000841153f8,0x0000000085480000)
 Metaspace       used 59304K, committed 60672K, reserved 1114112K
  class space    used 6302K, committed 6912K, reserved 1048576K
}
Event: 87.270 GC heap before
{Heap before GC invocations=85 (full 3):
 PSYoungGen      total 19968K, used 19939K [0x00000000d5580000, 0x00000000d6d00000, 0x0000000100000000)
  eden space 18944K, 100% used [0x00000000d5580000,0x00000000d6800000,0x00000000d6800000)
  from space 1024K, 97% used [0x00000000d6900000,0x00000000d69f8ea0,0x00000000d6a00000)
  to   space 2560K, 0% used [0x00000000d6a80000,0x00000000d6a80000,0x00000000d6d00000)
 ParOldGen       total 86528K, used 66644K [0x0000000080000000, 0x0000000085480000, 0x00000000d5580000)
  object space 86528K, 77% used [0x0000000080000000,0x00000000841153f8,0x0000000085480000)
 Metaspace       used 59315K, committed 60672K, reserved 1114112K
  class space    used 6302K, committed 6912K, reserved 1048576K
}
Event: 87.273 GC heap after
{Heap after GC invocations=85 (full 3):
 PSYoungGen      total 19968K, used 982K [0x00000000d5580000, 0x00000000d6b80000, 0x0000000100000000)
  eden space 18944K, 0% used [0x00000000d5580000,0x00000000d5580000,0x00000000d6800000)
  from space 1024K, 95% used [0x00000000d6a80000,0x00000000d6b75a28,0x00000000d6b80000)
  to   space 1536K, 0% used [0x00000000d6880000,0x00000000d6880000,0x00000000d6a00000)
 ParOldGen       total 86528K, used 67277K [0x0000000080000000, 0x0000000085480000, 0x00000000d5580000)
  object space 86528K, 77% used [0x0000000080000000,0x00000000841b3408,0x0000000085480000)
 Metaspace       used 59315K, committed 60672K, reserved 1114112K
  class space    used 6302K, committed 6912K, reserved 1048576K
}
Event: 88.112 GC heap before
{Heap before GC invocations=86 (full 3):
 PSYoungGen      total 19968K, used 19926K [0x00000000d5580000, 0x00000000d6b80000, 0x0000000100000000)
  eden space 18944K, 100% used [0x00000000d5580000,0x00000000d6800000,0x00000000d6800000)
  from space 1024K, 95% used [0x00000000d6a80000,0x00000000d6b75a28,0x00000000d6b80000)
  to   space 1536K, 0% used [0x00000000d6880000,0x00000000d6880000,0x00000000d6a00000)
 ParOldGen       total 86528K, used 67277K [0x0000000080000000, 0x0000000085480000, 0x00000000d5580000)
  object space 86528K, 77% used [0x0000000080000000,0x00000000841b3408,0x0000000085480000)
 Metaspace       used 61452K, committed 62848K, reserved 1114112K
  class space    used 6516K, committed 7104K, reserved 1048576K
}
Event: 88.115 GC heap after
{Heap after GC invocations=86 (full 3):
 PSYoungGen      total 20480K, used 1351K [0x00000000d5580000, 0x00000000d6b00000, 0x0000000100000000)
  eden space 18944K, 0% used [0x00000000d5580000,0x00000000d5580000,0x00000000d6800000)
  from space 1536K, 87% used [0x00000000d6880000,0x00000000d69d1d80,0x00000000d6a00000)
  to   space 1024K, 0% used [0x00000000d6a00000,0x00000000d6a00000,0x00000000d6b00000)
 ParOldGen       total 86528K, used 67293K [0x0000000080000000, 0x0000000085480000, 0x00000000d5580000)
  object space 86528K, 77% used [0x0000000080000000,0x00000000841b7408,0x0000000085480000)
 Metaspace       used 61452K, committed 62848K, reserved 1114112K
  class space    used 6516K, committed 7104K, reserved 1048576K
}

